{"uid":"d252520e648f309a","name":"LoginSuccessfully","fullName":"LoginModule.LoginSuccessfully","historyId":"8bcc3306061f316524337a4838ce4ec1","time":{"start":1710902332673,"stop":1710902332675,"duration":2},"status":"broken","statusMessage":"java.lang.NoClassDefFoundError: org/apache/commons/io/output/UnsynchronizedByteArrayOutputStream","statusTrace":"java.lang.RuntimeException: java.lang.NoClassDefFoundError: org/apache/commons/io/output/UnsynchronizedByteArrayOutputStream\r\n\tat org.testng.internal.invokers.MethodInvocationHelper.invokeMethodNoCheckedException(MethodInvocationHelper.java:57)\r\n\tat org.testng.internal.invokers.MethodInvocationHelper.invokeDataProvider(MethodInvocationHelper.java:157)\r\n\tat org.testng.internal.Parameters.handleParameters(Parameters.java:803)\r\n\tat org.testng.internal.Parameters.handleParameters(Parameters.java:728)\r\n\tat org.testng.internal.invokers.ParameterHandler.handleParameters(ParameterHandler.java:72)\r\n\tat org.testng.internal.invokers.ParameterHandler.createParameters(ParameterHandler.java:51)\r\n\tat org.testng.internal.invokers.TestInvoker$MethodInvocationAgent.invoke(TestInvoker.java:911)\r\n\tat org.testng.internal.invokers.TestInvoker.invokeTestMethods(TestInvoker.java:200)\r\n\tat org.testng.internal.invokers.TestMethodWorker.invokeTestMethods(TestMethodWorker.java:148)\r\n\tat org.testng.internal.invokers.TestMethodWorker.run(TestMethodWorker.java:128)\r\n\tat java.base/java.util.ArrayList.forEach(ArrayList.java:1596)\r\n\tat org.testng.TestRunner.privateRun(TestRunner.java:848)\r\n\tat org.testng.TestRunner.run(TestRunner.java:621)\r\n\tat org.testng.SuiteRunner.runTest(SuiteRunner.java:443)\r\n\tat org.testng.SuiteRunner.runSequentially(SuiteRunner.java:437)\r\n\tat org.testng.SuiteRunner.privateRun(SuiteRunner.java:397)\r\n\tat org.testng.SuiteRunner.run(SuiteRunner.java:336)\r\n\tat org.testng.SuiteRunnerWorker.runSuite(SuiteRunnerWorker.java:52)\r\n\tat org.testng.SuiteRunnerWorker.run(SuiteRunnerWorker.java:95)\r\n\tat org.testng.TestNG.runSuitesSequentially(TestNG.java:1280)\r\n\tat org.testng.TestNG.runSuitesLocally(TestNG.java:1200)\r\n\tat org.testng.TestNG.runSuites(TestNG.java:1114)\r\n\tat org.testng.TestNG.run(TestNG.java:1082)\r\n\tat com.intellij.rt.testng.IDEARemoteTestNG.run(IDEARemoteTestNG.java:65)\r\n\tat com.intellij.rt.testng.RemoteTestNGStarter.main(RemoteTestNGStarter.java:105)\r\nCaused by: java.lang.NoClassDefFoundError: org/apache/commons/io/output/UnsynchronizedByteArrayOutputStream\r\n\tat ExcelUtils.setExcelFile(ExcelUtils.java:32)\r\n\tat BaseTest.Authentication(BaseTest.java:43)\r\n\tat java.base/jdk.internal.reflect.DirectMethodHandleAccessor.invoke(DirectMethodHandleAccessor.java:103)\r\n\tat java.base/java.lang.reflect.Method.invoke(Method.java:580)\r\n\tat org.testng.internal.invokers.MethodInvocationHelper.invokeMethod(MethodInvocationHelper.java:139)\r\n\tat org.testng.internal.invokers.MethodInvocationHelper.invokeMethod(MethodInvocationHelper.java:84)\r\n\tat org.testng.internal.invokers.MethodInvocationHelper.invokeMethodNoCheckedException(MethodInvocationHelper.java:53)\r\n\t... 24 more\r\nCaused by: java.lang.ClassNotFoundException: org.apache.commons.io.output.UnsynchronizedByteArrayOutputStream\r\n\tat java.base/jdk.internal.loader.BuiltinClassLoader.loadClass(BuiltinClassLoader.java:641)\r\n\tat java.base/jdk.internal.loader.ClassLoaders$AppClassLoader.loadClass(ClassLoaders.java:188)\r\n\tat java.base/java.lang.ClassLoader.loadClass(ClassLoader.java:526)\r\n\t... 31 more\r\n","flaky":false,"newFailed":false,"newBroken":false,"newPassed":false,"retriesCount":0,"retriesStatusChange":false,"beforeStages":[{"name":"setUp","time":{"start":1710902331101,"stop":1710902332624,"duration":1523},"description":"","status":"passed","steps":[],"attachments":[],"parameters":[],"attachmentsCount":0,"shouldDisplayMessage":false,"attachmentStep":false,"stepsCount":0,"hasContent":false}],"afterStages":[{"name":"tearDown","time":{"start":1710902332739,"stop":1710902332827,"duration":88},"description":"","status":"passed","steps":[],"attachments":[],"parameters":[],"attachmentsCount":0,"shouldDisplayMessage":false,"attachmentStep":false,"stepsCount":0,"hasContent":false}],"labels":[{"name":"package","value":"LoginModule"},{"name":"testClass","value":"LoginModule"},{"name":"testMethod","value":"LoginSuccessfully"},{"name":"parentSuite","value":"All Test Suite"},{"name":"suite","value":"C:/Users/DKRORY/IdeaProjects/NopCommerce"},{"name":"subSuite","value":"LoginModule"},{"name":"host","value":"DKRORY"},{"name":"thread","value":"37524@DKRORY.main(1)"},{"name":"framework","value":"testng"},{"name":"language","value":"java"},{"name":"resultFormat","value":"allure2"}],"parameters":[{"name":"BrowserType","value":"Chrome"},{"name":"URL","value":"https://demo.nopcommerce.com/"}],"links":[],"hidden":true,"retry":true,"extra":{"categories":[],"tags":[]},"source":"d252520e648f309a.json","parameterValues":["Chrome","https://demo.nopcommerce.com/"]}